[debug] [2018-06-23T14:20:20.089Z] ----------------------------------------------------------------------
[debug] [2018-06-23T14:20:20.093Z] Command:       C:\Program Files\nodejs\node.exe C:\Users\Wentox\AppData\Roaming\npm\node_modules\firebase-tools\bin\firebase deploy
[debug] [2018-06-23T14:20:20.093Z] CLI Version:   3.19.0
[debug] [2018-06-23T14:20:20.093Z] Platform:      win32
[debug] [2018-06-23T14:20:20.093Z] Node Version:  v8.11.1
[debug] [2018-06-23T14:20:20.094Z] Time:          Sat Jun 23 2018 16:20:20 GMT+0200 (Romance Daylight Time)
[debug] [2018-06-23T14:20:20.094Z] ----------------------------------------------------------------------
[debug] 
[debug] [2018-06-23T14:20:20.104Z] > command requires scopes: ["email","openid","https://www.googleapis.com/auth/cloudplatformprojects.readonly","https://www.googleapis.com/auth/firebase","https://www.googleapis.com/auth/cloud-platform"]
[debug] [2018-06-23T14:20:20.104Z] > authorizing via signed-in user
[debug] [2018-06-23T14:20:20.107Z] >>> HTTP REQUEST GET https://admin.firebase.com/v1/projects/eesports-6efa3  
  
 Sat Jun 23 2018 16:20:20 GMT+0200 (Romance Daylight Time)
[debug] [2018-06-23T14:20:20.934Z] <<< HTTP RESPONSE 200
[debug] [2018-06-23T14:20:20.935Z] >>> HTTP REQUEST GET https://admin.firebase.com/v1/database/eesports-6efa3/tokens  
  
 Sat Jun 23 2018 16:20:20 GMT+0200 (Romance Daylight Time)
[debug] [2018-06-23T14:20:21.692Z] <<< HTTP RESPONSE 200
[info] 
[info] === Deploying to 'eesports-6efa3'...
[info] 
[info] i  deploying hosting
[info] i  hosting: preparing dist directory for upload...
[debug] [2018-06-23T14:20:23.747Z] >>> HTTP REQUEST PUT https://deploy.firebase.com/v1/hosting/eesports-6efa3/uploads/-LFh06hQm2D75snGR6qB?fileCount=37&message=  
  
 Sat Jun 23 2018 16:20:23 GMT+0200 (Romance Daylight Time)
